<?xml version="1.0" encoding="UTF-8"?>
<!-- Generated by org.testng.reporters.JUnitXMLReporter -->
<testsuite ignored="2" hostname="hp" failures="0" tests="1" name="FirefoxTest(failed)" time="28.24" errors="0" timestamp="2022-02-15T16:14:36 IST">
  <testcase classname="TestCasePack.TestNG_Class_101" name="toVerifyTimeTrackPage" time="0.191"/>
  <testcase classname="TestCasePack.TestNG_Class_101" name="toVerifyTasksPage" time="0.0">
    <ignored/>
  </testcase> <!-- toVerifyTasksPage -->
  <testcase classname="TestCasePack.TestNG_Class_101" name="toVerifyReportsPage" time="0.0">
    <ignored/>
  </testcase> <!-- toVerifyReportsPage -->
</testsuite> <!-- FirefoxTest(failed) -->
