<?xml version="1.0" encoding="UTF-8"?>
<!-- Generated by org.testng.reporters.JUnitXMLReporter -->
<testsuite ignored="0" hostname="hp" failures="0" tests="5" name="Test" time="55.75" errors="0" timestamp="2022-02-15T15:25:37 IST">
  <testcase classname="TestCasePack.TestNG_Class_101" name="toVerifyTimeTrackPage" time="4.615"/>
  <testcase classname="TestCasePack.TestNG_Class_101" name="toVerifyTasksPage" time="7.96"/>
  <testcase classname="TestCasePack.TestNG_Class_101" name="toVerifyReportsPage" time="3.321"/>
  <testcase classname="TestCasePack.TestNG_Class_102" name="toVerifyUsersPage" time="12.212"/>
  <testcase classname="TestCasePack.TestNG_Class_102" name="toVerifyWorkSchedulePage" time="2.306"/>
</testsuite> <!-- Test -->
