<?xml version="1.0" encoding="UTF-8"?>
<!-- Generated by org.testng.reporters.JUnitXMLReporter -->
<testsuite ignored="0" hostname="hp" failures="0" tests="4" name="ChromeTest" time="0.261" errors="0" timestamp="2022-02-12T14:53:18 IST">
  <testcase classname="TestPack.PractiseTestClass" name="testA" time="0.02"/>
  <testcase classname="TestPack.PractiseTestClass" name="testB" time="0.01"/>
  <testcase classname="TestPack.PractiseTestClass" name="testC" time="0.004"/>
  <testcase classname="TestPack.PractiseTestClass" name="testD" time="0.008"/>
</testsuite> <!-- ChromeTest -->
