<?xml version="1.0" encoding="UTF-8"?>
<!-- Generated by org.testng.reporters.JUnitXMLReporter -->
<testsuite ignored="0" hostname="hp" failures="0" tests="4" name="FirefoxTest" time="0.068" errors="0" timestamp="2022-02-12T14:42:36 IST">
  <testcase classname="TestPack.PractiseTestClass002" name="test1" time="0.004"/>
  <testcase classname="TestPack.PractiseTestClass002" name="test2" time="0.004"/>
  <testcase classname="TestPack.PractiseTestClass002" name="test3" time="0.007"/>
  <testcase classname="TestPack.PractiseTestClass002" name="test4" time="0.003"/>
</testsuite> <!-- FirefoxTest -->
