<?xml version="1.0" encoding="UTF-8"?>
<!-- Generated by org.testng.reporters.JUnitXMLReporter -->
<testsuite ignored="0" hostname="hp" failures="0" tests="5" name="ChromeTest" time="102.721" errors="0" timestamp="2022-02-16T12:50:59 IST">
  <testcase classname="TestCasePack.TestNG_Class_101" name="toVerifyTimeTrackPage" time="21.994"/>
  <testcase classname="TestCasePack.TestNG_Class_101" name="toVerifyTasksPage" time="10.036"/>
  <testcase classname="TestCasePack.TestNG_Class_102" name="toVerifyUsersPage" time="43.949"/>
  <testcase classname="TestCasePack.TestNG_Class_101" name="toVerifyReportsPage" time="4.944"/>
  <testcase classname="TestCasePack.TestNG_Class_102" name="toVerifyWorkSchedulePage" time="3.416"/>
</testsuite> <!-- ChromeTest -->
