<?xml version="1.0" encoding="UTF-8"?>
<!-- Generated by org.testng.reporters.JUnitXMLReporter -->
<testsuite ignored="0" hostname="hp" failures="0" tests="5" name="Test" time="69.369" errors="0" timestamp="2022-02-15T16:07:45 IST">
  <testcase classname="TestCasePack.TestNG_Class_101" name="toVerifyTimeTrackPage" time="11.399"/>
  <testcase classname="TestCasePack.TestNG_Class_101" name="toVerifyTasksPage" time="11.407"/>
  <testcase classname="TestCasePack.TestNG_Class_101" name="toVerifyReportsPage" time="2.506"/>
  <testcase classname="TestCasePack.TestNG_Class_102" name="toVerifyUsersPage" time="17.515"/>
  <testcase classname="TestCasePack.TestNG_Class_102" name="toVerifyWorkSchedulePage" time="1.996"/>
</testsuite> <!-- Test -->
