<?xml version="1.0" encoding="UTF-8"?>
<testng-results ignored="0" total="2" passed="2" failed="0" skipped="0">
  <reporter-output>
  </reporter-output>
  <suite started-at="2022-02-11T14:45:21 IST" name="Default suite" finished-at="2022-02-11T14:45:22 IST" duration-ms="323">
    <groups>
    </groups>
    <test started-at="2022-02-11T14:45:21 IST" name="Default test" finished-at="2022-02-11T14:45:22 IST" duration-ms="323">
      <class name="TestPack.TestNG">
        <test-method is-config="true" signature="beforeClass()[pri:0, instance:TestPack.TestNG@3c419631]" started-at="2022-02-11T14:45:21 IST" name="beforeClass" finished-at="2022-02-11T14:45:21 IST" duration-ms="15" status="PASS">
          <reporter-output>
          </reporter-output>
        </test-method> <!-- beforeClass -->
        <test-method is-config="true" signature="beforeMethod()[pri:0, instance:TestPack.TestNG@3c419631]" started-at="2022-02-11T14:45:21 IST" name="beforeMethod" finished-at="2022-02-11T14:45:21 IST" duration-ms="1" status="PASS">
          <reporter-output>
          </reporter-output>
        </test-method> <!-- beforeMethod -->
        <test-method signature="test1()[pri:0, instance:TestPack.TestNG@3c419631]" started-at="2022-02-11T14:45:21 IST" name="test1" finished-at="2022-02-11T14:45:21 IST" duration-ms="26" status="PASS">
          <reporter-output>
          </reporter-output>
        </test-method> <!-- test1 -->
        <test-method is-config="true" signature="afterMethod()[pri:0, instance:TestPack.TestNG@3c419631]" started-at="2022-02-11T14:45:21 IST" name="afterMethod" finished-at="2022-02-11T14:45:21 IST" duration-ms="2" status="PASS">
          <reporter-output>
          </reporter-output>
        </test-method> <!-- afterMethod -->
        <test-method is-config="true" signature="beforeMethod()[pri:0, instance:TestPack.TestNG@3c419631]" started-at="2022-02-11T14:45:22 IST" name="beforeMethod" finished-at="2022-02-11T14:45:22 IST" duration-ms="4" status="PASS">
          <reporter-output>
          </reporter-output>
        </test-method> <!-- beforeMethod -->
        <test-method signature="test2()[pri:0, instance:TestPack.TestNG@3c419631]" started-at="2022-02-11T14:45:22 IST" name="test2" finished-at="2022-02-11T14:45:22 IST" duration-ms="10" status="PASS">
          <reporter-output>
          </reporter-output>
        </test-method> <!-- test2 -->
        <test-method is-config="true" signature="afterMethod()[pri:0, instance:TestPack.TestNG@3c419631]" started-at="2022-02-11T14:45:22 IST" name="afterMethod" finished-at="2022-02-11T14:45:22 IST" duration-ms="1" status="PASS">
          <reporter-output>
          </reporter-output>
        </test-method> <!-- afterMethod -->
        <test-method is-config="true" signature="afterClass()[pri:0, instance:TestPack.TestNG@3c419631]" started-at="2022-02-11T14:45:22 IST" name="afterClass" finished-at="2022-02-11T14:45:22 IST" duration-ms="0" status="PASS">
          <reporter-output>
          </reporter-output>
        </test-method> <!-- afterClass -->
      </class> <!-- TestPack.TestNG -->
    </test> <!-- Default test -->
  </suite> <!-- Default suite -->
</testng-results>
