<?xml version="1.0" encoding="UTF-8"?>
<!-- Generated by org.testng.reporters.JUnitXMLReporter -->
<testsuite ignored="4" hostname="hp" failures="0" tests="4" name="PractiseTest" time="0.182" errors="0" timestamp="2022-02-12T14:16:35 IST">
  <testcase classname="TestPack.PractiseTestClass" name="testA" time="0.017"/>
  <testcase classname="TestPack.PractiseTestClass" name="testB" time="0.011"/>
  <testcase classname="TestPack.PractiseTestClass002" name="test3" time="0.003"/>
  <testcase classname="TestPack.PractiseTestClass002" name="test4" time="0.003"/>
  <testcase classname="TestPack.PractiseTestClass002" name="test2" time="0.0">
    <ignored/>
  </testcase> <!-- test2 -->
  <testcase classname="TestPack.PractiseTestClass" name="testD" time="0.0">
    <ignored/>
  </testcase> <!-- testD -->
  <testcase classname="TestPack.PractiseTestClass" name="testC" time="0.0">
    <ignored/>
  </testcase> <!-- testC -->
  <testcase classname="TestPack.PractiseTestClass002" name="test1" time="0.0">
    <ignored/>
  </testcase> <!-- test1 -->
</testsuite> <!-- PractiseTest -->
