<?xml version="1.0" encoding="UTF-8"?>
<!-- Generated by org.testng.reporters.JUnitXMLReporter -->
<testsuite ignored="0" hostname="hp" failures="0" tests="2" name="Default test" time="11.636" errors="0" timestamp="2022-02-13T03:13:33 IST">
  <testcase classname="TestPack.TestNGClass01" name="@BeforeClass createPOMObject" time="0.239">
    <failure type="java.lang.NullPointerException">
      <![CDATA[java.lang.NullPointerException
at java.base/java.util.Objects.requireNonNull(Objects.java:208)
at org.openqa.selenium.interactions.Actions.<init>(Actions.java:65)
at pom.ApplicationHeader.<init>(ApplicationHeader.java:26)
at TestPack.TestNGClass01.createPOMObject(TestNGClass01.java:59)
at java.base/jdk.internal.reflect.NativeMethodAccessorImpl.invoke0(Native Method)
at java.base/jdk.internal.reflect.NativeMethodAccessorImpl.invoke(NativeMethodAccessorImpl.java:77)
at java.base/jdk.internal.reflect.DelegatingMethodAccessorImpl.invoke(DelegatingMethodAccessorImpl.java:43)
at java.base/java.lang.reflect.Method.invoke(Method.java:568)
at org.testng.internal.MethodInvocationHelper.invokeMethod(MethodInvocationHelper.java:133)
at org.testng.internal.MethodInvocationHelper.invokeMethodConsideringTimeout(MethodInvocationHelper.java:62)
at org.testng.internal.ConfigInvoker.invokeConfigurationMethod(ConfigInvoker.java:385)
at org.testng.internal.ConfigInvoker.invokeConfigurations(ConfigInvoker.java:321)
at org.testng.internal.TestMethodWorker.invokeBeforeClassMethods(TestMethodWorker.java:176)
at org.testng.internal.TestMethodWorker.run(TestMethodWorker.java:122)
at java.base/java.util.ArrayList.forEach(ArrayList.java:1511)
at org.testng.TestRunner.privateRun(TestRunner.java:794)
at org.testng.TestRunner.run(TestRunner.java:596)
at org.testng.SuiteRunner.runTest(SuiteRunner.java:377)
at org.testng.SuiteRunner.runSequentially(SuiteRunner.java:371)
at org.testng.SuiteRunner.privateRun(SuiteRunner.java:332)
at org.testng.SuiteRunner.run(SuiteRunner.java:276)
at org.testng.SuiteRunnerWorker.runSuite(SuiteRunnerWorker.java:53)
at org.testng.SuiteRunnerWorker.run(SuiteRunnerWorker.java:96)
at org.testng.TestNG.runSuitesSequentially(TestNG.java:1212)
at org.testng.TestNG.runSuitesLocally(TestNG.java:1134)
at org.testng.TestNG.runSuites(TestNG.java:1063)
at org.testng.TestNG.run(TestNG.java:1031)
at org.testng.remote.AbstractRemoteTestNG.run(AbstractRemoteTestNG.java:115)
at org.testng.remote.RemoteTestNG.initAndRun(RemoteTestNG.java:251)
at org.testng.remote.RemoteTestNG.main(RemoteTestNG.java:77)
]]>
    </failure>
  </testcase> <!-- @BeforeClass createPOMObject -->
  <testcase classname="TestPack.TestNGClass01" name="@BeforeMethod loginToApplication" time="-1.644702213372E9">
    <skipped/>
  </testcase> <!-- @BeforeMethod loginToApplication -->
  <testcase classname="TestPack.TestNGClass01" name="@AfterMethod logoutFromApplication" time="-1.644702213425E9">
    <skipped/>
  </testcase> <!-- @AfterMethod logoutFromApplication -->
  <testcase classname="TestPack.TestNGClass01" name="@BeforeMethod loginToApplication" time="-1.644702213439E9">
    <skipped/>
  </testcase> <!-- @BeforeMethod loginToApplication -->
  <testcase classname="TestPack.TestNGClass01" name="@AfterMethod logoutFromApplication" time="-1.644702213466E9">
    <skipped/>
  </testcase> <!-- @AfterMethod logoutFromApplication -->
  <testcase classname="TestPack.TestNGClass01" name="@AfterClass clearPOMObject" time="-1.644702213476E9">
    <skipped/>
  </testcase> <!-- @AfterClass clearPOMObject -->
  <testcase classname="TestPack.TestNGClass01" name="@AfterTest closedBrowser" time="-1.644702213482E9">
    <skipped/>
  </testcase> <!-- @AfterTest closedBrowser -->
  <testcase classname="TestPack.TestNGClass01" name="updatePersonalDetails" time="0.0">
    <skipped/>
  </testcase> <!-- updatePersonalDetails -->
  <testcase classname="TestPack.TestNGClass01" name="addEmploymentDetails" time="0.0">
    <skipped/>
  </testcase> <!-- addEmploymentDetails -->
</testsuite> <!-- Default test -->
